<?xml version="1.0" encoding="UTF-8"?>
<!-- Generated by org.testng.reporters.JUnitXMLReporter -->
<testsuite ignored="0" hostname="LAPTOP-K51H7RVG" failures="0" tests="7" name="RegressionTest" time="268.468" errors="0" timestamp="08 Mar 2023 04:43:36 GMT">
  <testcase classname="com.KalcyBook_App.testCases.TC_LoginTest_001" name="loginTest" time="12.975"/>
  <testcase classname="com.KalcyBook_App.testCases.TC_Paymenttest_003" name="paymenttest" time="31.137"/>
  <testcase classname="com.KalcyBook_App.testCases.TC_Addpaymenttest_004" name="addpaymenttest" time="63.437"/>
  <testcase classname="com.KalcyBook_App.testCases.TC_Edit_Paymentpage_test_005" name="Edit_Paymentpagetest" time="55.744"/>
  <testcase classname="com.KalcyBook_App.testCases.TC_View_PaymentpageTest_006" name="View_Paymentpagetest" time="31.464"/>
  <testcase classname="com.KalcyBook_App.testCases.TC_DownloadPayment_page_Test_007" name="DownloadPayment_pagetest" time="19.798"/>
  <testcase classname="com.KalcyBook_App.testCases.TC_Send_Paymentpage_Test_008" name="Send_Paymentpage_Test" time="23.374"/>
</testsuite> <!-- RegressionTest -->
