<?xml version="1.0" encoding="UTF-8"?>
<testng-results ignored="0" total="1" passed="1" failed="0" skipped="0">
  <reporter-output>
  </reporter-output>
  <suite started-at="2023-04-07T09:32:58Z" name="KalcyBook_App" finished-at="2023-04-07T09:34:10Z" duration-ms="71627">
    <groups>
    </groups>
    <test started-at="2023-04-07T09:32:58Z" name="KalcyBook_App Test" finished-at="2023-04-07T09:34:10Z" duration-ms="71627">
      <class name="com.KalcyBook_App.testCases.TC_Addpaymenttest_004">
        <test-method is-config="true" signature="setup(java.lang.String)[pri:0, instance:com.KalcyBook_App.testCases.TC_Addpaymenttest_004@6c9f5c0d]" started-at="2023-04-07T09:32:58Z" name="setup" finished-at="2023-04-07T09:33:04Z" duration-ms="5237" status="PASS">
          <params>
            <param index="0">
              <value>
                <![CDATA[chrome]]>
              </value>
            </param>
          </params>
          <reporter-output>
          </reporter-output>
        </test-method> <!-- setup -->
        <test-method signature="addpaymenttest()[pri:0, instance:com.KalcyBook_App.testCases.TC_Addpaymenttest_004@6c9f5c0d]" started-at="2023-04-07T09:33:04Z" name="addpaymenttest" finished-at="2023-04-07T09:34:10Z" duration-ms="66190" status="PASS">
          <reporter-output>
          </reporter-output>
        </test-method> <!-- addpaymenttest -->
        <test-method is-config="true" signature="tearDown()[pri:0, instance:com.KalcyBook_App.testCases.TC_Addpaymenttest_004@6c9f5c0d]" started-at="2023-04-07T09:34:10Z" name="tearDown" finished-at="2023-04-07T09:34:10Z" duration-ms="187" status="PASS">
          <reporter-output>
          </reporter-output>
        </test-method> <!-- tearDown -->
      </class> <!-- com.KalcyBook_App.testCases.TC_Addpaymenttest_004 -->
    </test> <!-- KalcyBook_App Test -->
  </suite> <!-- KalcyBook_App -->
</testng-results>
